<?xml version="1.0" encoding="UTF-8"?>
<robot generator="Robot 7.0 (Python 3.12.1 on win32)" generated="2024-03-18T15:06:29.492556" rpa="false" schemaversion="5">
<suite id="s1" name="Amazontesting" source="c:\Users\Lais Jeniffer\Downloads\WebTesting\RobotFramework\amazontesting.robot">
<test id="s1-t1" name="Caso de Teste 02 - Pesquisa de um produto" line="20">
<kw name="Abrir o navegador" owner="amazon_resources" type="SETUP">
<kw name="Open Browser" owner="SeleniumLibrary">
<msg time="2024-03-18T15:06:31.103866" level="INFO">Opening browser 'chrome' to base url 'None'.</msg>
<arg>browser=chrome</arg>
<doc>Opens a new browser instance to the optional ``url``.</doc>
<status status="PASS" start="2024-03-18T15:06:31.094763" elapsed="2.527757"/>
</kw>
<kw name="Maximize Browser Window" owner="SeleniumLibrary">
<doc>Maximizes current browser window.</doc>
<status status="PASS" start="2024-03-18T15:06:33.625758" elapsed="0.162600"/>
</kw>
<status status="PASS" start="2024-03-18T15:06:31.094763" elapsed="2.694596"/>
</kw>
<kw name="Acessar a home page do site Amazon.com.br" owner="amazon_resources">
<kw name="Go To" owner="SeleniumLibrary">
<msg time="2024-03-18T15:06:33.792332" level="INFO">Opening url 'http://www.amazon.com.br'</msg>
<arg>url=${url}</arg>
<doc>Navigates the current browser window to the provided ``url``.</doc>
<status status="PASS" start="2024-03-18T15:06:33.791325" elapsed="1.492335"/>
</kw>
<kw name="Wait Until Element Is Visible" owner="SeleniumLibrary">
<arg>locator=${Menu_livros}</arg>
<doc>Waits until the element ``locator`` is visible.</doc>
<status status="PASS" start="2024-03-18T15:06:35.283660" elapsed="0.315756"/>
</kw>
<status status="PASS" start="2024-03-18T15:06:33.790360" elapsed="1.809938"/>
</kw>
<kw name="Digitar o nome do produto &quot;Xbox Series S&quot; no campo de pesquisa" owner="amazon_resources" source_name="Digitar o nome do produto &quot;${Produto}&quot; no campo de pesquisa">
<kw name="Input Text" owner="SeleniumLibrary">
<msg time="2024-03-18T15:06:35.602883" level="INFO">Typing text 'Xbox Series S' into text field 'twotabsearchtextbox'.</msg>
<arg>locator=twotabsearchtextbox</arg>
<arg>text=${Produto}</arg>
<doc>Types the given ``text`` into the text field identified by ``locator``.</doc>
<status status="PASS" start="2024-03-18T15:06:35.602308" elapsed="0.336619"/>
</kw>
<status status="PASS" start="2024-03-18T15:06:35.601310" elapsed="0.339653"/>
</kw>
<kw name="Clicar no botão de pesquisa" owner="amazon_resources">
<kw name="Click Element" owner="SeleniumLibrary">
<msg time="2024-03-18T15:06:35.954507" level="INFO">Clicking element 'nav-search-submit-button'.</msg>
<arg>locator=nav-search-submit-button</arg>
<doc>Click the element identified by ``locator``.</doc>
<status status="PASS" start="2024-03-18T15:06:35.952346" elapsed="2.555026"/>
</kw>
<status status="PASS" start="2024-03-18T15:06:35.949890" elapsed="2.557482"/>
</kw>
<kw name="Verificar o resultado da pesquisa se está listando o produto &quot;Console Xbox Series S&quot;" owner="amazon_resources" source_name="Verificar o resultado da pesquisa se está listando o produto ${Produto}">
<kw name="Wait Until Element Is Enabled" owner="SeleniumLibrary">
<msg time="2024-03-18T15:06:40.573685" level="WARN">Keyword 'Capture Page Screenshot' could not be run on failure: Message: no such window: target window already closed
from unknown error: web view not found
  (Session info: chrome=122.0.6261.129)
Stacktrace:
	GetHandleVerifier [0x00007FF625B8AD02+56930]
	(No symbol) [0x00007FF625AFF602]
	(No symbol) [0x00007FF6259B42E5]
	(No symbol) [0x00007FF625991D4C]
	(No symbol) [0x00007FF625A223F7]
	(No symbol) [0x00007FF625A37891]
	(No symbol) [0x00007FF625A1BA43]
	(No symbol) [0x00007FF6259ED438]
	(No symbol) [0x00007FF6259EE4D1]
	GetHandleVerifier [0x00007FF625F06F8D+3711213]
	GetHandleVerifier [0x00007FF625F604CD+4077101]
	GetHandleVerifier [0x00007FF625F5865F+4044735]
	GetHandleVerifier [0x00007FF625C29736+706710]
	(No symbol) [0x00007FF625B0B8DF]
	(No symbol) [0x00007FF625B06AC4]
	(No symbol) [0x00007FF625B06C1C]
	(No symbol) [0x00007FF625AF68D4]
	BaseThreadInitThunk [0x00007FFA2424257D+29]
	RtlUserThreadStart [0x00007FFA2514AA58+40]
</msg>
<msg time="2024-03-18T15:06:40.590383" level="FAIL">NoSuchWindowException: Message: no such window: target window already closed
from unknown error: web view not found
  (Session info: chrome=122.0.6261.129)
Stacktrace:
	GetHandleVerifier [0x00007FF625B8AD02+56930]
	(No symbol) [0x00007FF625AFF602]
	(No symbol) [0x00007FF6259B42E5]
	(No symbol) [0x00007FF625991D4C]
	(No symbol) [0x00007FF625A223F7]
	(No symbol) [0x00007FF625A37891]
	(No symbol) [0x00007FF625A1BA43]
	(No symbol) [0x00007FF6259ED438]
	(No symbol) [0x00007FF6259EE4D1]
	GetHandleVerifier [0x00007FF625F06F8D+3711213]
	GetHandleVerifier [0x00007FF625F604CD+4077101]
	GetHandleVerifier [0x00007FF625F5865F+4044735]
	GetHandleVerifier [0x00007FF625C29736+706710]
	(No symbol) [0x00007FF625B0B8DF]
	(No symbol) [0x00007FF625B06AC4]
	(No symbol) [0x00007FF625B06C1C]
	(No symbol) [0x00007FF625AF68D4]
	BaseThreadInitThunk [0x00007FFA2424257D+29]
	RtlUserThreadStart [0x00007FFA2514AA58+40]
</msg>
<arg>locator=//span[@class='a-size-medium a-color-base a-text-normal'][contains(., ${Produto})]</arg>
<doc>Waits until the element ``locator`` is enabled.</doc>
<status status="FAIL" start="2024-03-18T15:06:38.510288" elapsed="2.334412">NoSuchWindowException: Message: no such window: target window already closed
from unknown error: web view not found
  (Session info: chrome=122.0.6261.129)
Stacktrace:
	GetHandleVerifier [0x00007FF625B8AD02+56930]
	(No symbol) [0x00007FF625AFF602]
	(No symbol) [0x00007FF6259B42E5]
	(No symbol) [0x00007FF625991D4C]
	(No symbol) [0x00007FF625A223F7]
	(No symbol) [0x00007FF625A37891]
	(No symbol) [0x00007FF625A1BA43]
	(No symbol) [0x00007FF6259ED438]
	(No symbol) [0x00007FF6259EE4D1]
	GetHandleVerifier [0x00007FF625F06F8D+3711213]
	GetHandleVerifier [0x00007FF625F604CD+4077101]
	GetHandleVerifier [0x00007FF625F5865F+4044735]
	GetHandleVerifier [0x00007FF625C29736+706710]
	(No symbol) [0x00007FF625B0B8DF]
	(No symbol) [0x00007FF625B06AC4]
	(No symbol) [0x00007FF625B06C1C]
	(No symbol) [0x00007FF625AF68D4]
	BaseThreadInitThunk [0x00007FFA2424257D+29]
	RtlUserThreadStart [0x00007FFA2514AA58+40]
</status>
</kw>
<kw name="Log To Console" owner="BuiltIn">
<arg>message= "deu bom"</arg>
<doc>Logs the given message to the console.</doc>
<status status="NOT RUN" start="2024-03-18T15:06:40.844700" elapsed="0.000000"/>
</kw>
<status status="FAIL" start="2024-03-18T15:06:38.509776" elapsed="2.334924">NoSuchWindowException: Message: no such window: target window already closed
from unknown error: web view not found
  (Session info: chrome=122.0.6261.129)
Stacktrace:
	GetHandleVerifier [0x00007FF625B8AD02+56930]
	(No symbol) [0x00007FF625AFF602]
	(No symbol) [0x00007FF6259B42E5]
	(No symbol) [0x00007FF625991D4C]
	(No symbol) [0x00007FF625A223F7]
	(No symbol) [0x00007FF625A37891]
	(No symbol) [0x00007FF625A1BA43]
	(No symbol) [0x00007FF6259ED438]
	(No symbol) [0x00007FF6259EE4D1]
	GetHandleVerifier [0x00007FF625F06F8D+3711213]
	GetHandleVerifier [0x00007FF625F604CD+4077101]
	GetHandleVerifier [0x00007FF625F5865F+4044735]
	GetHandleVerifier [0x00007FF625C29736+706710]
	(No symbol) [0x00007FF625B0B8DF]
	(No symbol) [0x00007FF625B06AC4]
	(No symbol) [0x00007FF625B06C1C]
	(No symbol) [0x00007FF625AF68D4]
	BaseThreadInitThunk [0x00007FFA2424257D+29]
	RtlUserThreadStart [0x00007FFA2514AA58+40]
</status>
</kw>
<kw name="Fechar o navegador" owner="amazon_resources" type="TEARDOWN">
<kw name="Capture Page Screenshot" owner="SeleniumLibrary">
<msg time="2024-03-18T15:06:40.867739" level="WARN">Keyword 'Capture Page Screenshot' could not be run on failure: Message: no such window: target window already closed
from unknown error: web view not found
  (Session info: chrome=122.0.6261.129)
Stacktrace:
	GetHandleVerifier [0x00007FF625B8AD02+56930]
	(No symbol) [0x00007FF625AFF602]
	(No symbol) [0x00007FF6259B42E5]
	(No symbol) [0x00007FF625991D4C]
	(No symbol) [0x00007FF625A223F7]
	(No symbol) [0x00007FF625A37891]
	(No symbol) [0x00007FF625A1BA43]
	(No symbol) [0x00007FF6259ED438]
	(No symbol) [0x00007FF6259EE4D1]
	GetHandleVerifier [0x00007FF625F06F8D+3711213]
	GetHandleVerifier [0x00007FF625F604CD+4077101]
	GetHandleVerifier [0x00007FF625F5865F+4044735]
	GetHandleVerifier [0x00007FF625C29736+706710]
	(No symbol) [0x00007FF625B0B8DF]
	(No symbol) [0x00007FF625B06AC4]
	(No symbol) [0x00007FF625B06C1C]
	(No symbol) [0x00007FF625AF68D4]
	BaseThreadInitThunk [0x00007FFA2424257D+29]
	RtlUserThreadStart [0x00007FFA2514AA58+40]
</msg>
<msg time="2024-03-18T15:06:40.874063" level="FAIL">NoSuchWindowException: Message: no such window: target window already closed
from unknown error: web view not found
  (Session info: chrome=122.0.6261.129)
Stacktrace:
	GetHandleVerifier [0x00007FF625B8AD02+56930]
	(No symbol) [0x00007FF625AFF602]
	(No symbol) [0x00007FF6259B42E5]
	(No symbol) [0x00007FF625991D4C]
	(No symbol) [0x00007FF625A223F7]
	(No symbol) [0x00007FF625A37891]
	(No symbol) [0x00007FF625A1BA43]
	(No symbol) [0x00007FF6259ED438]
	(No symbol) [0x00007FF6259EE4D1]
	GetHandleVerifier [0x00007FF625F06F8D+3711213]
	GetHandleVerifier [0x00007FF625F604CD+4077101]
	GetHandleVerifier [0x00007FF625F5865F+4044735]
	GetHandleVerifier [0x00007FF625C29736+706710]
	(No symbol) [0x00007FF625B0B8DF]
	(No symbol) [0x00007FF625B06AC4]
	(No symbol) [0x00007FF625B06C1C]
	(No symbol) [0x00007FF625AF68D4]
	BaseThreadInitThunk [0x00007FFA2424257D+29]
	RtlUserThreadStart [0x00007FFA2514AA58+40]
</msg>
<doc>Takes a screenshot of the current page and embeds it into a log file.</doc>
<status status="FAIL" start="2024-03-18T15:06:40.853893" elapsed="0.060345">NoSuchWindowException: Message: no such window: target window already closed
from unknown error: web view not found
  (Session info: chrome=122.0.6261.129)
Stacktrace:
	GetHandleVerifier [0x00007FF625B8AD02+56930]
	(No symbol) [0x00007FF625AFF602]
	(No symbol) [0x00007FF6259B42E5]
	(No symbol) [0x00007FF625991D4C]
	(No symbol) [0x00007FF625A223F7]
	(No symbol) [0x00007FF625A37891]
	(No symbol) [0x00007FF625A1BA43]
	(No symbol) [0x00007FF6259ED438]
	(No symbol) [0x00007FF6259EE4D1]
	GetHandleVerifier [0x00007FF625F06F8D+3711213]
	GetHandleVerifier [0x00007FF625F604CD+4077101]
	GetHandleVerifier [0x00007FF625F5865F+4044735]
	GetHandleVerifier [0x00007FF625C29736+706710]
	(No symbol) [0x00007FF625B0B8DF]
	(No symbol) [0x00007FF625B06AC4]
	(No symbol) [0x00007FF625B06C1C]
	(No symbol) [0x00007FF625AF68D4]
	BaseThreadInitThunk [0x00007FFA2424257D+29]
	RtlUserThreadStart [0x00007FFA2514AA58+40]
</status>
</kw>
<kw name="Close Browser" owner="SeleniumLibrary">
<doc>Closes the current browser.</doc>
<status status="PASS" start="2024-03-18T15:06:40.914238" elapsed="2.339875"/>
</kw>
<status status="FAIL" start="2024-03-18T15:06:40.853893" elapsed="2.400220">NoSuchWindowException: Message: no such window: target window already closed
from unknown error: web view not found
  (Session info: chrome=122.0.6261.129)
Stacktrace:
	GetHandleVerifier [0x00007FF625B8AD02+56930]
	(No symbol) [0x00007FF625AFF602]
	(No symbol) [0x00007FF6259B42E5]
	(No symbol) [0x00007FF625991D4C]
	(No symbol) [0x00007FF625A223F7]
	(No symbol) [0x00007FF625A37891]
	(No symbol) [0x00007FF625A1BA43]
	(No symbol) [0x00007FF6259ED438]
	(No symbol) [0x00007FF6259EE4D1]
	GetHandleVerifier [0x00007FF625F06F8D+3711213]
	GetHandleVerifier [0x00007FF625F604CD+4077101]
	GetHandleVerifier [0x00007FF625F5865F+4044735]
	GetHandleVerifier [0x00007FF625C29736+706710]
	(No symbol) [0x00007FF625B0B8DF]
	(No symbol) [0x00007FF625B06AC4]
	(No symbol) [0x00007FF625B06C1C]
	(No symbol) [0x00007FF625AF68D4]
	BaseThreadInitThunk [0x00007FFA2424257D+29]
	RtlUserThreadStart [0x00007FFA2514AA58+40]
</status>
</kw>
<doc>Esse teste verifica a busca de um produto</doc>
<tag>Busca de produtos</tag>
<tag>lista da busca</tag>
<status status="FAIL" start="2024-03-18T15:06:31.094763" elapsed="12.161973">NoSuchWindowException: Message: no such window: target window already closed
from unknown error: web view not found
  (Session info: chrome=122.0.6261.129)
Stacktrace:
	GetHandleVerifier [0x00007FF625B8AD02+56930]
	(No symbol) [0x00007FF625AFF602]
	(No symbol) [0x00007FF6259B42E5]
	(No symbol) [0x00007FF625991D4C]
	(No symbol) [0x00007FF625A223F7]
	(No symbol) [0x00007FF625A37891]
	(No symbol) [0x00007FF625A1BA43]
	(No symbol) [0x00007FF6259ED438]
	(No symbol) [0x00007FF6259EE4D1]
	GetHandleVerifier [0x00007FF625F06F8D+3711213]
	GetHandleVerifier [0x00007FF625F604CD+4077101]
	GetHandleVerifier [0x00007FF625F5865F+4044735]
	GetHandleVerifier [0x00007FF625C29736+706710]
	(No symbol) [0x00007FF625B0B8DF]
	(No symbol) [0x00007FF625B06AC4]
	(No symbol) [0x00007FF625B06C1C]
	(No symbol) [0x00007FF625AF68D4]
	BaseThreadInitThunk [0x00007FFA2424257D+29]
	RtlUserThreadStart [0x00007FFA2514AA58+40]


Also teardown failed:
NoSuchWindowException: Message: no such window: target window already closed
from unknown error: web view not found
  (Session info: chrome=122.0.6261.129)
Stacktrace:
	GetHandleVerifier [0x00007FF625B8AD02+56930]
	(No symbol) [0x00007FF625AFF602]
	(No symbol) [0x00007FF6259B42E5]
	(No symbol) [0x00007FF625991D4C]
	(No symbol) [0x00007FF625A223F7]
	(No symbol) [0x00007FF625A37891]
	(No symbol) [0x00007FF625A1BA43]
	(No symbol) [0x00007FF6259ED438]
	(No symbol) [0x00007FF6259EE4D1]
	GetHandleVerifier [0x00007FF625F06F8D+3711213]
	GetHandleVerifier [0x00007FF625F604CD+4077101]
	GetHandleVerifier [0x00007FF625F5865F+4044735]
	GetHandleVerifier [0x00007FF625C29736+706710]
	(No symbol) [0x00007FF625B0B8DF]
	(No symbol) [0x00007FF625B06AC4]
	(No symbol) [0x00007FF625B06C1C]
	(No symbol) [0x00007FF625AF68D4]
	BaseThreadInitThunk [0x00007FFA2424257D+29]
	RtlUserThreadStart [0x00007FFA2514AA58+40]
</status>
</test>
<doc>Essa suite testa o site da amazon.com.br</doc>
<status status="FAIL" start="2024-03-18T15:06:29.510434" elapsed="13.765669"/>
</suite>
<statistics>
<total>
<stat pass="0" fail="1" skip="0">All Tests</stat>
</total>
<tag>
<stat pass="0" fail="1" skip="0">Busca de produtos</stat>
<stat pass="0" fail="1" skip="0">lista da busca</stat>
</tag>
<suite>
<stat pass="0" fail="1" skip="0" id="s1" name="Amazontesting">Amazontesting</stat>
</suite>
</statistics>
<errors>
<msg time="2024-03-18T15:06:40.573685" level="WARN">Keyword 'Capture Page Screenshot' could not be run on failure: Message: no such window: target window already closed
from unknown error: web view not found
  (Session info: chrome=122.0.6261.129)
Stacktrace:
	GetHandleVerifier [0x00007FF625B8AD02+56930]
	(No symbol) [0x00007FF625AFF602]
	(No symbol) [0x00007FF6259B42E5]
	(No symbol) [0x00007FF625991D4C]
	(No symbol) [0x00007FF625A223F7]
	(No symbol) [0x00007FF625A37891]
	(No symbol) [0x00007FF625A1BA43]
	(No symbol) [0x00007FF6259ED438]
	(No symbol) [0x00007FF6259EE4D1]
	GetHandleVerifier [0x00007FF625F06F8D+3711213]
	GetHandleVerifier [0x00007FF625F604CD+4077101]
	GetHandleVerifier [0x00007FF625F5865F+4044735]
	GetHandleVerifier [0x00007FF625C29736+706710]
	(No symbol) [0x00007FF625B0B8DF]
	(No symbol) [0x00007FF625B06AC4]
	(No symbol) [0x00007FF625B06C1C]
	(No symbol) [0x00007FF625AF68D4]
	BaseThreadInitThunk [0x00007FFA2424257D+29]
	RtlUserThreadStart [0x00007FFA2514AA58+40]
</msg>
<msg time="2024-03-18T15:06:40.867739" level="WARN">Keyword 'Capture Page Screenshot' could not be run on failure: Message: no such window: target window already closed
from unknown error: web view not found
  (Session info: chrome=122.0.6261.129)
Stacktrace:
	GetHandleVerifier [0x00007FF625B8AD02+56930]
	(No symbol) [0x00007FF625AFF602]
	(No symbol) [0x00007FF6259B42E5]
	(No symbol) [0x00007FF625991D4C]
	(No symbol) [0x00007FF625A223F7]
	(No symbol) [0x00007FF625A37891]
	(No symbol) [0x00007FF625A1BA43]
	(No symbol) [0x00007FF6259ED438]
	(No symbol) [0x00007FF6259EE4D1]
	GetHandleVerifier [0x00007FF625F06F8D+3711213]
	GetHandleVerifier [0x00007FF625F604CD+4077101]
	GetHandleVerifier [0x00007FF625F5865F+4044735]
	GetHandleVerifier [0x00007FF625C29736+706710]
	(No symbol) [0x00007FF625B0B8DF]
	(No symbol) [0x00007FF625B06AC4]
	(No symbol) [0x00007FF625B06C1C]
	(No symbol) [0x00007FF625AF68D4]
	BaseThreadInitThunk [0x00007FFA2424257D+29]
	RtlUserThreadStart [0x00007FFA2514AA58+40]
</msg>
</errors>
</robot>
